
****************************************
Report : power
        -analysis_effort low
Design : ALU_4bit
Version: V-2023.12-SP4
Date   : Fri Sep  5 21:25:57 2025
****************************************


Library(s) Used:

    saed32rvt_tt0p78vn40c (File: /ve/po_home/b20o_vivek_536/Phy_D/intership_Jun-Jul_2024/ref/lib/stdcell_rvt/saed32rvt_tt0p78vn40c.db)


Operating Conditions: tt0p78vn40c   Library: saed32rvt_tt0p78vn40c
Wire Load Model Mode: enclosed

Design        Wire Load Model            Library
------------------------------------------------
ALU_4bit               8000              saed32rvt_tt0p78vn40c


Global Operating Voltage = 0.78 
Power-specific unit information :
    Voltage Units = 1V
    Capacitance Units = 1.000000ff
    Time Units = 1ns
    Dynamic Power Units = 1uW    (derived from V,C,T units)
    Leakage Power Units = 1pW


Attributes
----------
i - Including register clock pin internal power


  Cell Internal Power  =  10.5862 uW   (68%)
  Net Switching Power  =   4.9031 uW   (32%)
                         ---------
Total Dynamic Power    =  15.4893 uW  (100%)

Cell Leakage Power     = 322.0954 nW

Information: report_power power group summary does not include estimated clock tree power. (PWR-789)

                 Internal         Switching           Leakage            Total
Power Group      Power            Power               Power              Power   (   %    )  Attrs
--------------------------------------------------------------------------------------------------
io_pad             0.0000            0.0000            0.0000            0.0000  (   0.00%)
memory             0.0000            0.0000            0.0000            0.0000  (   0.00%)
black_box          0.0000            0.0000            0.0000            0.0000  (   0.00%)
clock_network      0.0000            0.0000            0.0000            0.0000  (   0.00%)  i
register           0.0000            0.0000            0.0000            0.0000  (   0.00%)
sequential         0.0000            0.0000            0.0000            0.0000  (   0.00%)
combinational     10.5862            4.9031        3.2210e+05           15.8114  ( 100.00%)
--------------------------------------------------------------------------------------------------
Total             10.5862 uW         4.9031 uW     3.2210e+05 pW        15.8114 uW
1
