 
 
****************************************
Report : area
Design : ALU_4bit
Version: V-2023.12-SP4
Date   : Fri Sep  5 21:25:57 2025
****************************************

Library(s) Used:

    saed32rvt_tt0p78vn40c (File: /ve/po_home/b20o_vivek_536/Phy_D/intership_Jun-Jul_2024/ref/lib/stdcell_rvt/saed32rvt_tt0p78vn40c.db)

Number of ports:                           17
Number of nets:                           133
Number of cells:                          114
Number of combinational cells:            114
Number of sequential cells:                 0
Number of macros/black boxes:               0
Number of buf/inv:                         20
Number of references:                      21

Combinational area:                260.751744
Buf/Inv area:                       25.414400
Noncombinational area:               0.000000
Macro/Black Box area:                0.000000
Net Interconnect area:              67.901705

Total cell area:                   260.751744
Total area:                        328.653449
1
